#
# A fatal error has been detected by the Java Runtime Environment:
#
#  EXCEPTION_ACCESS_VIOLATION (0xc0000005) at pc=0x754ad33d, pid=3504, tid=3228
#
# JRE version: 6.0_24-b07
# Java VM: Java HotSpot(TM) Client VM (19.1-b02 mixed mode windows-x86 )
# Problematic frame:
# C  [msvcrt.dll+0x1d33d]
#
# If you would like to submit a bug report, please visit:
#   http://java.sun.com/webapps/bugreport/crash.jsp
# The crash happened outside the Java Virtual Machine in native code.
# See problematic frame for where to report the bug.
#

---------------  T H R E A D  ---------------

Current thread (0x003b9400):  JavaThread "main" [_thread_in_native, id=3228, stack(0x00340000,0x00390000)]

siginfo: ExceptionCode=0xc0000005, reading address 0x00000005

Registers:
EAX=0x00000005, EBX=0x00000005, ECX=0x003b9518, EDX=0x00000005
ESP=0x0038f998, EBP=0x0038f998, ESI=0x13d44430, EDI=0x00000000
EIP=0x754ad33d, EFLAGS=0x00010202

Register to memory mapping:

EAX=0x00000005
0x00000005 is pointing to unknown location

EBX=0x00000005
0x00000005 is pointing to unknown location

ECX=0x003b9518
0x003b9518 is pointing to unknown location

EDX=0x00000005
0x00000005 is pointing to unknown location

ESP=0x0038f998
0x0038f998 is pointing into the stack for thread: 0x003b9400
"main" prio=6 tid=0x003b9400 nid=0xc9c runnable [0x0038f000]
   java.lang.Thread.State: RUNNABLE

EBP=0x0038f998
0x0038f998 is pointing into the stack for thread: 0x003b9400
"main" prio=6 tid=0x003b9400 nid=0xc9c runnable [0x0038f000]
   java.lang.Thread.State: RUNNABLE

ESI=0x13d44430
{method} 
 - klass: {other class}

EDI=0x00000000
0x00000000 is pointing to unknown location


Top of Stack: (sp=0x0038f998)
0x0038f998:   0038fa98 18282241 00000005 00000000
0x0038f9a8:   00000000 00000000 01b42ec0 00000000
0x0038f9b8:   0038f990 00000000 00000000 00000000
0x0038f9c8:   00000000 01000000 00000000 00000000
0x0038f9d8:   00000000 00010000 0038f990 00000000
0x0038f9e8:   00000000 00000000 00000000 00000000
0x0038f9f8:   00000000 00000000 00000000 00020000
0x0038fa08:   0038f990 00000000 00000000 01b42ec0 

Instructions: (pc=0x754ad33d)
0x754ad32d:   5f c9 c3 90 90 90 90 90 8b ff 55 8b ec 8b 45 08
0x754ad33d:   66 8b 08 40 40 66 85 c9 75 f6 2b 45 08 d1 f8 48 


Stack: [0x00340000,0x00390000],  sp=0x0038f998,  free space=318k
Native frames: (J=compiled Java code, j=interpreted, Vv=VM code, C=native code)
C  [msvcrt.dll+0x1d33d]
C  [jna483136583223650766.dll+0x2241]
C  [jna483136583223650766.dll+0x6810]
j  com.sun.jna.Native.getString(JZ)Ljava/lang/String;+0
j  com.sun.jna.Pointer.getString(JZ)Ljava/lang/String;+7
j  com.sun.jna.Function.invokeString(I[Ljava/lang/Object;Z)Ljava/lang/String;+24
j  com.sun.jna.Function.invoke([Ljava/lang/Object;Ljava/lang/Class;Z)Ljava/lang/Object;+584
j  com.sun.jna.Function.invoke(Ljava/lang/Class;[Ljava/lang/Object;Ljava/util/Map;)Ljava/lang/Object;+214
j  com.sun.jna.Library$Handler.invoke(Ljava/lang/Object;Ljava/lang/reflect/Method;[Ljava/lang/Object;)Ljava/lang/Object;+341
j  $Proxy0.GetWindowText(Lcom/sun/jna/platform/win32/WinDef$HWND;Ljava/lang/String;I)Ljava/lang/String;+27
j  Test.main([Ljava/lang/String;)V+29
v  ~StubRoutines::call_stub
V  [jvm.dll+0xf0ab9]
V  [jvm.dll+0x1837d1]
V  [jvm.dll+0xf0b3d]
V  [jvm.dll+0xfa0d6]
V  [jvm.dll+0x101cde]
C  [javaw.exe+0x2155]
C  [javaw.exe+0x8614]
C  [kernel32.dll+0x4ed6c]
C  [ntdll.dll+0x6377b]
C  [ntdll.dll+0x6374e]

Java frames: (J=compiled Java code, j=interpreted, Vv=VM code)
j  com.sun.jna.Native.getString(JZ)Ljava/lang/String;+0
j  com.sun.jna.Pointer.getString(JZ)Ljava/lang/String;+7
j  com.sun.jna.Function.invokeString(I[Ljava/lang/Object;Z)Ljava/lang/String;+24
j  com.sun.jna.Function.invoke([Ljava/lang/Object;Ljava/lang/Class;Z)Ljava/lang/Object;+584
j  com.sun.jna.Function.invoke(Ljava/lang/Class;[Ljava/lang/Object;Ljava/util/Map;)Ljava/lang/Object;+214
j  com.sun.jna.Library$Handler.invoke(Ljava/lang/Object;Ljava/lang/reflect/Method;[Ljava/lang/Object;)Ljava/lang/Object;+341
j  $Proxy0.GetWindowText(Lcom/sun/jna/platform/win32/WinDef$HWND;Ljava/lang/String;I)Ljava/lang/String;+27
j  Test.main([Ljava/lang/String;)V+29
v  ~StubRoutines::call_stub

---------------  P R O C E S S  ---------------

Java Threads: ( => current thread )
  0x01ad5000 JavaThread "Low Memory Detector" daemon [_thread_blocked, id=6756, stack(0x17df0000,0x17e40000)]
  0x01aadc00 JavaThread "CompilerThread0" daemon [_thread_blocked, id=4776, stack(0x17da0000,0x17df0000)]
  0x01aacc00 JavaThread "Attach Listener" daemon [_thread_blocked, id=4060, stack(0x17d50000,0x17da0000)]
  0x01aa7c00 JavaThread "Signal Dispatcher" daemon [_thread_blocked, id=5732, stack(0x17d00000,0x17d50000)]
  0x01a99400 JavaThread "Finalizer" daemon [_thread_blocked, id=7844, stack(0x17cb0000,0x17d00000)]
  0x01a97c00 JavaThread "Reference Handler" daemon [_thread_blocked, id=2956, stack(0x17c60000,0x17cb0000)]
=>0x003b9400 JavaThread "main" [_thread_in_native, id=3228, stack(0x00340000,0x00390000)]

Other Threads:
  0x01a93400 VMThread [stack: 0x17c10000,0x17c60000] [id=4884]
  0x01ae6c00 WatcherThread [stack: 0x17e40000,0x17e90000] [id=7528]

VM state:not at safepoint (normal execution)

VM Mutex/Monitor currently owned by a thread: None

Heap
 def new generation   total 4928K, used 2588K [0x03b00000, 0x04050000, 0x09050000)
  eden space 4416K,  58% used [0x03b00000, 0x03d87130, 0x03f50000)
  from space 512K,   0% used [0x03f50000, 0x03f50000, 0x03fd0000)
  to   space 512K,   0% used [0x03fd0000, 0x03fd0000, 0x04050000)
 tenured generation   total 10944K, used 0K [0x09050000, 0x09b00000, 0x13b00000)
   the space 10944K,   0% used [0x09050000, 0x09050000, 0x09050200, 0x09b00000)
 compacting perm gen  total 12288K, used 3623K [0x13b00000, 0x14700000, 0x17b00000)
   the space 12288K,  29% used [0x13b00000, 0x13e89c10, 0x13e89e00, 0x14700000)
No shared spaces configured.

Dynamic libraries:
0x00400000 - 0x00424000 	D:\Users\S.Y. Lin\AppData\Local\Aptana Studio 3\jre\bin\javaw.exe
0x76f80000 - 0x770bc000 	C:\Windows\SYSTEM32\ntdll.dll
0x76820000 - 0x768f4000 	C:\Windows\system32\kernel32.dll
0x75270000 - 0x752bb000 	C:\Windows\system32\KERNELBASE.dll
0x76900000 - 0x769a0000 	C:\Windows\system32\ADVAPI32.dll
0x75490000 - 0x7553c000 	C:\Windows\system32\msvcrt.dll
0x75aa0000 - 0x75ab9000 	C:\Windows\SYSTEM32\sechost.dll
0x76770000 - 0x76811000 	C:\Windows\system32\RPCRT4.dll
0x759d0000 - 0x75a99000 	C:\Windows\system32\USER32.dll
0x77160000 - 0x771ae000 	C:\Windows\system32\GDI32.dll
0x770c0000 - 0x770ca000 	C:\Windows\system32\LPK.dll
0x75780000 - 0x7581d000 	C:\Windows\system32\USP10.dll
0x75470000 - 0x7548f000 	C:\Windows\system32\IMM32.DLL
0x756b0000 - 0x7577c000 	C:\Windows\system32\MSCTF.dll
0x7c340000 - 0x7c396000 	D:\Users\S.Y. Lin\AppData\Local\Aptana Studio 3\jre\bin\msvcr71.dll
0x6d7f0000 - 0x6da96000 	D:\Users\S.Y. Lin\AppData\Local\Aptana Studio 3\jre\bin\client\jvm.dll
0x6cfe0000 - 0x6d012000 	C:\Windows\system32\WINMM.dll
0x750b0000 - 0x750fc000 	C:\Windows\system32\apphelp.dll
0x6d7a0000 - 0x6d7ac000 	D:\Users\S.Y. Lin\AppData\Local\Aptana Studio 3\jre\bin\verify.dll
0x6d320000 - 0x6d33f000 	D:\Users\S.Y. Lin\AppData\Local\Aptana Studio 3\jre\bin\java.dll
0x6d280000 - 0x6d288000 	D:\Users\S.Y. Lin\AppData\Local\Aptana Studio 3\jre\bin\hpi.dll
0x770d0000 - 0x770d5000 	C:\Windows\system32\PSAPI.DLL
0x6d7e0000 - 0x6d7ef000 	D:\Users\S.Y. Lin\AppData\Local\Aptana Studio 3\jre\bin\zip.dll
0x18090000 - 0x181da000 	D:\Users\S.Y. Lin\AppData\Local\Aptana Studio 3\jre\bin\awt.dll
0x74660000 - 0x746b1000 	C:\Windows\system32\WINSPOOL.DRV
0x769a0000 - 0x76afc000 	C:\Windows\system32\ole32.dll
0x73ea0000 - 0x7403e000 	C:\Windows\WinSxS\x86_microsoft.windows.common-controls_6595b64144ccf1df_6.0.7601.17514_none_41e6975e2bd6f2b2\COMCTL32.dll
0x76710000 - 0x76767000 	C:\Windows\system32\SHLWAPI.dll
0x74cb0000 - 0x74cc6000 	C:\Windows\system32\CRYPTSP.dll
0x74960000 - 0x7499b000 	C:\Windows\system32\rsaenh.dll
0x74730000 - 0x74747000 	C:\Windows\system32\USERENV.dll
0x75110000 - 0x7511b000 	C:\Windows\system32\profapi.dll
0x75040000 - 0x7504c000 	C:\Windows\system32\CRYPTBASE.dll
0x6d600000 - 0x6d613000 	D:\Users\S.Y. Lin\AppData\Local\Aptana Studio 3\jre\bin\net.dll
0x77110000 - 0x77145000 	C:\Windows\system32\WS2_32.dll
0x77150000 - 0x77156000 	C:\Windows\system32\NSI.dll
0x74570000 - 0x745b3000 	C:\Program Files\Avira\AntiVir Desktop\avsda.dll
0x74550000 - 0x7456c000 	C:\Windows\system32\IPHLPAPI.DLL
0x74540000 - 0x74547000 	C:\Windows\system32\WINNSI.DLL
0x74b80000 - 0x74bbc000 	C:\Windows\system32\mswsock.dll
0x74b70000 - 0x74b76000 	C:\Windows\System32\wship6.dll
0x73530000 - 0x73540000 	C:\Windows\system32\NLAapi.dll
0x6ff60000 - 0x6ff70000 	C:\Windows\system32\napinsp.dll
0x6ff40000 - 0x6ff52000 	C:\Windows\system32\pnrpnsp.dll
0x74a40000 - 0x74a84000 	C:\Windows\system32\DNSAPI.dll
0x6ff30000 - 0x6ff38000 	C:\Windows\System32\winrnr.dll
0x70490000 - 0x704b7000 	C:\Program Files\Common Files\Microsoft Shared\Windows Live\WLIDNSP.DLL
0x74520000 - 0x74525000 	C:\Windows\System32\wshtcpip.dll
0x701a0000 - 0x701a6000 	C:\Windows\system32\rasadhlp.dll
0x728f0000 - 0x72928000 	C:\Windows\System32\fwpuclnt.dll
0x18280000 - 0x182bd000 	C:\Users\S.Y. Lin\AppData\Local\Temp\jna-S.Y. Lin\jna483136583223650766.dll

VM Arguments:
jvm_args: -Dfile.encoding=UTF-8 
java_command: Test
Launcher Type: SUN_STANDARD

Environment Variables:
PATH=D:/Users/S.Y. Lin/AppData/Local/Aptana Studio 3/jre/bin/client;D:/Users/S.Y. Lin/AppData/Local/Aptana Studio 3/jre/bin;D:/Users/S.Y. Lin/AppData/Local/Aptana Studio 3/jre/lib/i386;C:\Program Files\NVIDIA Corporation\PhysX\Common;C:\Program Files\Common Files\Microsoft Shared\Windows Live;C:\Windows\system32;C:\Windows;C:\Windows\System32\Wbem;C:\Windows\System32\WindowsPowerShell\v1.0\;C:\Program Files\Windows Live\Shared;D:\Users\S.Y. Lin\AppData\Local\Aptana Studio 3;
USERNAME=S.Y. Lin
OS=Windows_NT
PROCESSOR_IDENTIFIER=x86 Family 6 Model 23 Stepping 10, GenuineIntel



---------------  S Y S T E M  ---------------

OS: Windows 7 Build 7601 Service Pack 1

CPU:total 4 (4 cores per cpu, 1 threads per core) family 6 model 23 stepping 10, cmov, cx8, fxsr, mmx, sse, sse2, sse3, ssse3, sse4.1

Memory: 4k page, physical 3669176k(1845720k free), swap 7336596k(3951320k free)

vm_info: Java HotSpot(TM) Client VM (19.1-b02) for windows-x86 JRE (1.6.0_24-b07), built on Feb  2 2011 17:44:41 by "java_re" with MS VC++ 7.1 (VS2003)

time: Sat Mar 16 14:23:18 2013
elapsed time: 0 seconds

